<?xml version="1.0" encoding="UTF-8"?>
<!-- Generated by org.testng.reporters.JUnitReportReporter -->
<testsuite hostname="MSI" failures="0" tests="1" name="morsumChallenge.UserOrderTests" time="0.555" errors="0" timestamp="2023-04-14T12:23:57 CLT" skipped="0">
  <testcase classname="morsumChallenge.UserOrderTests" name="navigateToPage" time="0.555"/>
  <system-out/>
</testsuite> <!-- morsumChallenge.UserOrderTests -->
