<?xml version="1.0" encoding="UTF-8"?>
<!-- Generated by org.testng.reporters.JUnitReportReporter -->
<testsuite hostname="MSI" failures="0" tests="1" name="test.orders.UserOrderTests" time="0.812" errors="0" timestamp="2023-04-14T15:04:12 CLT" skipped="0">
  <testcase classname="test.orders.UserOrderTests" name="addProductToCartFromPDP" time="0.812"/>
  <system-out/>
</testsuite> <!-- test.orders.UserOrderTests -->
