<?xml version="1.0" encoding="UTF-8"?>
<!-- Generated by org.testng.reporters.JUnitReportReporter -->
<testsuite hostname="MSI" failures="0" tests="2" name="test.orders.UserOrderTests" time="6.354" errors="0" timestamp="2023-04-14T17:00:39 CLT" skipped="0">
  <testcase classname="test.orders.UserOrderTests" name="addProductToCartFromIndex" time="1.738"/>
  <system-out/>
  <testcase classname="test.orders.UserOrderTests" name="addProductToCartFromPDP" time="4.616"/>
  <system-out/>
</testsuite> <!-- test.orders.UserOrderTests -->
